[INFO] 01:02:46:168 LFS/(5370:5370): Inicio Aplicacion LFS
[INFO] 01:02:46:171 LFS/(5370:5370): Configuraciones inicializadas
[INFO] 01:02:46:171 LFS/(5370:5370): 
[INFO] 01:04:32:288 LFS/(5440:5440): Inicio Aplicacion LFS
[INFO] 01:04:32:289 LFS/(5440:5440): Configuraciones inicializadas
[INFO] 01:04:37:898 LFS/(5454:5454): Inicio Aplicacion LFS
[INFO] 01:04:37:905 LFS/(5454:5454): Configuraciones inicializadas
[INFO] 01:05:44:700 LFS/(5525:5525): Inicio Aplicacion LFS
[INFO] 01:05:44:710 LFS/(5525:5525): Configuraciones inicializadas
[INFO] 01:05:44:711 LFS/(5525:5525): 
[INFO] 01:06:26:356 LFS/(5546:5546): Inicio Aplicacion LFS
[INFO] 01:06:26:362 LFS/(5546:5546): Configuraciones inicializadas
[INFO] 01:06:26:362 LFS/(5546:5546): 
[INFO] 01:09:38:191 LFS/(5782:5782): Inicio Aplicacion LFS
[INFO] 01:09:38:208 LFS/(5782:5782): Configuraciones inicializadas
[INFO] 01:09:38:208 LFS/(5782:5782): 
[INFO] 01:12:36:810 LFS/(5856:5856): Inicio Aplicacion LFS
[INFO] 01:12:36:820 LFS/(5856:5856): Configuraciones inicializadas
[INFO] 01:12:36:821 LFS/(5856:5856): /prueba
[INFO] 01:13:54:468 LFS/(5908:5908): Inicio Aplicacion LFS
[INFO] 01:13:54:478 LFS/(5908:5908): Configuraciones inicializadas
[INFO] 01:13:54:478 LFS/(5908:5908): /prueba
[INFO] 01:14:12:924 LFS/(5928:5928): Inicio Aplicacion LFS
[INFO] 01:14:12:933 LFS/(5928:5928): Configuraciones inicializadas
[INFO] 01:14:12:933 LFS/(5928:5928): /prueba
[INFO] 01:22:11:158 LFS/(6136:6136): Inicio Aplicacion LFS
[INFO] 01:22:11:166 LFS/(6136:6136): ÀjL	 kL	
[INFO] 01:22:49:184 LFS/(6291:6291): Inicio Aplicacion LFS
[INFO] 01:22:49:198 LFS/(6291:6291): ÀZž	 [ž	
[INFO] 01:23:29:182 LFS/(6352:6352): Inicio Aplicacion LFS
[INFO] 01:23:29:199 LFS/(6352:6352): Configuraciones inicializadas
[INFO] 01:26:01:606 LFS/(6420:6420): Inicio Aplicacion LFS
[INFO] 01:26:01:606 LFS/(6420:6420): Configuraciones inicializadas
[INFO] 01:26:01:606 LFS/(6420:6420): /prueba/hola
